Unity Editor version:    2021.3.16f1 (4016570cf34f)
Branch:                  2021.3/staging
Build type:              Release
Batch mode:              YES
macOS version:           Version 13.1 (Build 22C65)
Darwin version:          22.2.0
Architecture:            arm64
Running under Rosetta:   NO
Available memory:        8192 MB
Using pre-set license
Pro License: YES

COMMAND LINE ARGUMENTS:
/Applications/Unity/Hub/Editor/2021.3.16f1/Unity.app/Contents/MacOS/Unity
-adb2
-batchMode
-noUpm
-name
AssetImportWorker0
-projectPath
/Users/kithinji/Code/Unity/PogoBounce
-logFile
Logs/AssetImportWorker0.log
-srvPort
49663
Successfully changed project path to: /Users/kithinji/Code/Unity/PogoBounce
/Users/kithinji/Code/Unity/PogoBounce
[UnityMemory] Configuration Parameters - Can be set up in boot.config
    "memorysetup-bucket-allocator-granularity=16"
    "memorysetup-bucket-allocator-bucket-count=8"
    "memorysetup-bucket-allocator-block-size=33554432"
    "memorysetup-bucket-allocator-block-count=8"
    "memorysetup-main-allocator-block-size=16777216"
    "memorysetup-thread-allocator-block-size=16777216"
    "memorysetup-gfx-main-allocator-block-size=16777216"
    "memorysetup-gfx-thread-allocator-block-size=16777216"
    "memorysetup-cache-allocator-block-size=4194304"
    "memorysetup-typetree-allocator-block-size=2097152"
    "memorysetup-profiler-bucket-allocator-granularity=16"
    "memorysetup-profiler-bucket-allocator-bucket-count=8"
    "memorysetup-profiler-bucket-allocator-block-size=33554432"
    "memorysetup-profiler-bucket-allocator-block-count=8"
    "memorysetup-profiler-allocator-block-size=16777216"
    "memorysetup-profiler-editor-allocator-block-size=1048576"
    "memorysetup-temp-allocator-size-main=16777216"
    "memorysetup-job-temp-allocator-block-size=2097152"
    "memorysetup-job-temp-allocator-block-size-background=1048576"
    "memorysetup-job-temp-allocator-reduction-small-platforms=262144"
    "memorysetup-temp-allocator-size-background-worker=32768"
    "memorysetup-temp-allocator-size-job-worker=262144"
    "memorysetup-temp-allocator-size-preload-manager=33554432"
    "memorysetup-temp-allocator-size-nav-mesh-worker=65536"
    "memorysetup-temp-allocator-size-audio-worker=65536"
    "memorysetup-temp-allocator-size-cloud-worker=32768"
    "memorysetup-temp-allocator-size-gi-baking-worker=262144"
    "memorysetup-temp-allocator-size-gfx=262144"
Player connection [8167619200] Host "[IP] 192.168.100.7 [Port] 0 [Flags] 2 [Guid] 766555196 [EditorId] 766555196 [Version] 1048832 [Id] OSXEditor(0,Kevins-Laptop.local) [Debug] 1 [PackageName] OSXEditor [ProjectName] Editor" joined multi-casting on [225.0.0.222:54997]...

Player connection [8167619200] Host "[IP] 192.168.100.7 [Port] 0 [Flags] 2 [Guid] 766555196 [EditorId] 766555196 [Version] 1048832 [Id] OSXEditor(0,Kevins-Laptop.local) [Debug] 1 [PackageName] OSXEditor [ProjectName] Editor" joined alternative multi-casting on [225.0.0.222:34997]...

Refreshing native plugins compatible for Editor in 50.77 ms, found 3 plugins.
Preloading 0 native plugins for Editor in 0.00 ms.
Initialize engine version: 2021.3.16f1 (4016570cf34f)
[Subsystems] Discovering subsystems at path /Applications/Unity/Hub/Editor/2021.3.16f1/Unity.app/Contents/Resources/UnitySubsystems
[Subsystems] Discovering subsystems at path /Users/kithinji/Code/Unity/PogoBounce/Assets
GfxDevice: creating device client; threaded=0; jobified=0
 preferred device: Apple M1 (high power)
Metal devices available: 1
0: Apple M1 (high power)
Using device Apple M1 (high power)
Initializing Metal device caps: Apple M1
Initialize mono
Mono path[0] = '/Applications/Unity/Hub/Editor/2021.3.16f1/Unity.app/Contents/Managed'
Mono path[1] = '/Applications/Unity/Hub/Editor/2021.3.16f1/Unity.app/Contents/MonoBleedingEdge/lib/mono/unityjit-macos'
Mono config path = '/Applications/Unity/Hub/Editor/2021.3.16f1/Unity.app/Contents/MonoBleedingEdge/etc'
Using monoOptions --debugger-agent=transport=dt_socket,embedding=1,server=y,suspend=n,address=127.0.0.1:56574
Begin MonoManager ReloadAssembly
Registering precompiled unity dll's ...
Register platform support module: /Applications/Unity/Hub/Editor/2021.3.16f1/Unity.app/Contents/PlaybackEngines/MacStandaloneSupport/UnityEditor.OSXStandalone.Extensions.dll
Register platform support module: /Applications/Unity/Hub/Editor/2021.3.16f1/PlaybackEngines/AndroidPlayer/UnityEditor.Android.Extensions.dll
Register platform support module: /Applications/Unity/Hub/Editor/2021.3.16f1/PlaybackEngines/iOSSupport/UnityEditor.iOS.Extensions.dll
Registered in 0.002376 seconds.
[usbmuxd] Start listen thread
[usbmuxd] Listen thread started
[usbmuxd] Send listen message
Native extension for iOS target not found
Native extension for Android target not found
Native extension for OSXStandalone target not found
Refreshing native plugins compatible for Editor in 43.14 ms, found 3 plugins.
Preloading 0 native plugins for Editor in 0.00 ms.
Mono: successfully reloaded assembly
- Completed reload, in  0.470 seconds
Domain Reload Profiling:
	ReloadAssembly (470ms)
		BeginReloadAssembly (67ms)
			ExecutionOrderSort (0ms)
			DisableScriptedObjects (0ms)
			BackupInstance (0ms)
			ReleaseScriptingObjects (0ms)
			CreateAndSetChildDomain (0ms)
		EndReloadAssembly (331ms)
			LoadAssemblies (68ms)
			RebuildTransferFunctionScriptingTraits (1ms)
			SetupTypeCache (79ms)
			ReleaseScriptCaches (0ms)
			RebuildScriptCaches (19ms)
			SetupLoadedEditorAssemblies (203ms)
				LogAssemblyErrors (0ms)
				InitializePlatformSupportModulesInManaged (80ms)
				SetLoadedEditorAssemblies (0ms)
				RefreshPlugins (43ms)
				BeforeProcessingInitializeOnLoad (2ms)
				ProcessInitializeOnLoadAttributes (53ms)
				ProcessInitializeOnLoadMethodAttributes (25ms)
				AfterProcessingInitializeOnLoad (0ms)
				EditorAssembliesLoaded (0ms)
			ExecutionOrderSort2 (0ms)
			AwakeInstancesAfterBackupRestoration (0ms)
Platform modules already initialized, skipping
Registering precompiled user dll's ...
Registered in 0.006476 seconds.
Begin MonoManager ReloadAssembly
Native extension for iOS target not found
Native extension for Android target not found
Native extension for OSXStandalone target not found
Refreshing native plugins compatible for Editor in 40.74 ms, found 3 plugins.
Preloading 0 native plugins for Editor in 0.00 ms.
Mono: successfully reloaded assembly
- Completed reload, in  0.813 seconds
Domain Reload Profiling:
	ReloadAssembly (814ms)
		BeginReloadAssembly (180ms)
			ExecutionOrderSort (0ms)
			DisableScriptedObjects (3ms)
			BackupInstance (0ms)
			ReleaseScriptingObjects (0ms)
			CreateAndSetChildDomain (129ms)
		EndReloadAssembly (562ms)
			LoadAssemblies (70ms)
			RebuildTransferFunctionScriptingTraits (0ms)
			SetupTypeCache (152ms)
			ReleaseScriptCaches (1ms)
			RebuildScriptCaches (37ms)
			SetupLoadedEditorAssemblies (278ms)
				LogAssemblyErrors (0ms)
				InitializePlatformSupportModulesInManaged (13ms)
				SetLoadedEditorAssemblies (1ms)
				RefreshPlugins (41ms)
				BeforeProcessingInitializeOnLoad (47ms)
				ProcessInitializeOnLoadAttributes (147ms)
				ProcessInitializeOnLoadMethodAttributes (28ms)
				AfterProcessingInitializeOnLoad (1ms)
				EditorAssembliesLoaded (0ms)
			ExecutionOrderSort2 (0ms)
			AwakeInstancesAfterBackupRestoration (2ms)
Platform modules already initialized, skipping
========================================================================
Worker process is ready to serve import requests
Launching external process: /Applications/Unity/Hub/Editor/2021.3.16f1/Unity.app/Contents/Tools/UnityShaderCompiler
Launched and connected shader compiler UnityShaderCompiler after 0.19 seconds
Refreshing native plugins compatible for Editor in 0.46 ms, found 3 plugins.
Preloading 0 native plugins for Editor in 0.00 ms.
Unloading 2871 Unused Serialized files (Serialized files now loaded: 0)
Unloading 73 unused Assets / (371.8 KB). Loaded Objects now: 3310.
Memory consumption went from 117.2 MB to 116.8 MB.
Total: 2.782084 ms (FindLiveObjects: 0.176542 ms CreateObjectMapping: 0.072208 ms MarkObjects: 2.446334 ms  DeleteObjects: 0.086333 ms)

AssetImportParameters requested are different than current active one (requested -> active):
  custom:video-decoder-ogg-theora: a1e56fd34408186e4bbccfd4996cb3dc -> 
  custom:container-muxer-webm: aa71ff27fc2769a1b78a27578f13a17b -> 
  custom:container-demuxer-webm: 4f35f7cbe854078d1ac9338744f61a02 -> 
  custom:video-encoder-webm-vp8: eb34c28f22e8b96e1ab97ce403110664 -> 
  custom:framework-osx-AVFoundation: e770b220cccbd017edd2c1fefb359320 -> 
  custom:audio-encoder-webm-vorbis: bf7c407c2cedff20999df2af8eb42d56 -> 
  custom:container-demuxer-ogg: 62fdf1f143b41e24485cea50d1cbac27 -> 
  custom:video-decoder-webm-vp8: 9c59270c3fd7afecdb556c50c9e8de78 -> 
  custom:audio-decoder-ogg-vorbis: bf7c407c2cedff20999df2af8eb42d56 -> 
========================================================================
Received Prepare
Registering precompiled user dll's ...
Registered in 0.001910 seconds.
Begin MonoManager ReloadAssembly
Thread 0x281e4f000 may have been prematurely finalized
Native extension for iOS target not found
Native extension for Android target not found
Native extension for OSXStandalone target not found
Refreshing native plugins compatible for Editor in 0.48 ms, found 3 plugins.
Preloading 0 native plugins for Editor in 0.00 ms.
Mono: successfully reloaded assembly
- Completed reload, in  0.670 seconds
Domain Reload Profiling:
	ReloadAssembly (670ms)
		BeginReloadAssembly (100ms)
			ExecutionOrderSort (0ms)
			DisableScriptedObjects (5ms)
			BackupInstance (0ms)
			ReleaseScriptingObjects (0ms)
			CreateAndSetChildDomain (47ms)
		EndReloadAssembly (513ms)
			LoadAssemblies (39ms)
			RebuildTransferFunctionScriptingTraits (0ms)
			SetupTypeCache (134ms)
			ReleaseScriptCaches (1ms)
			RebuildScriptCaches (31ms)
			SetupLoadedEditorAssemblies (278ms)
				LogAssemblyErrors (0ms)
				InitializePlatformSupportModulesInManaged (17ms)
				SetLoadedEditorAssemblies (0ms)
				RefreshPlugins (1ms)
				BeforeProcessingInitializeOnLoad (37ms)
				ProcessInitializeOnLoadAttributes (189ms)
				ProcessInitializeOnLoadMethodAttributes (32ms)
				AfterProcessingInitializeOnLoad (1ms)
				EditorAssembliesLoaded (0ms)
			ExecutionOrderSort2 (0ms)
			AwakeInstancesAfterBackupRestoration (4ms)
Platform modules already initialized, skipping
Refreshing native plugins compatible for Editor in 2.32 ms, found 3 plugins.
Preloading 0 native plugins for Editor in 0.00 ms.
Unloading 2848 Unused Serialized files (Serialized files now loaded: 0)
Unloading 49 unused Assets / (95.5 KB). Loaded Objects now: 3324.
Memory consumption went from 114.9 MB to 114.8 MB.
Total: 2.886208 ms (FindLiveObjects: 0.127917 ms CreateObjectMapping: 0.043833 ms MarkObjects: 2.682625 ms  DeleteObjects: 0.031208 ms)

AssetImportParameters requested are different than current active one (requested -> active):
  custom:video-decoder-ogg-theora: a1e56fd34408186e4bbccfd4996cb3dc -> 
  custom:container-muxer-webm: aa71ff27fc2769a1b78a27578f13a17b -> 
  custom:container-demuxer-webm: 4f35f7cbe854078d1ac9338744f61a02 -> 
  custom:video-encoder-webm-vp8: eb34c28f22e8b96e1ab97ce403110664 -> 
  custom:framework-osx-AVFoundation: e770b220cccbd017edd2c1fefb359320 -> 
  custom:audio-encoder-webm-vorbis: bf7c407c2cedff20999df2af8eb42d56 -> 
  custom:container-demuxer-ogg: 62fdf1f143b41e24485cea50d1cbac27 -> 
  custom:video-decoder-webm-vp8: 9c59270c3fd7afecdb556c50c9e8de78 -> 
  custom:audio-decoder-ogg-vorbis: bf7c407c2cedff20999df2af8eb42d56 -> 
========================================================================
Received Import Request.
  Time since last request: 3682.651167 seconds.
  path: Assets/Scripts/UnityAdsScript.cs
  artifactKey: Guid(ab2b3ae770a68a8489d09793102b919e) Importer(815301076,1909f56bfc062723c751e8b465ee728b)
Start importing Assets/Scripts/UnityAdsScript.cs using Guid(ab2b3ae770a68a8489d09793102b919e) Importer(815301076,1909f56bfc062723c751e8b465ee728b)  -> (artifact id: 'ac1b94bbaad9845cbc0d0ff46eac3a2f') in 0.081835 seconds 
========================================================================
Received Import Request.
  Time since last request: 26.853630 seconds.
  path: Assets/Scripts/gameManager.cs
  artifactKey: Guid(75305e97124298e4e8191549b92f415e) Importer(815301076,1909f56bfc062723c751e8b465ee728b)
Start importing Assets/Scripts/gameManager.cs using Guid(75305e97124298e4e8191549b92f415e) Importer(815301076,1909f56bfc062723c751e8b465ee728b)  -> (artifact id: '24303cd24688d7c49deaa345aaeb12e1') in 0.004295 seconds 
========================================================================
Received Import Request.
  Time since last request: 208.659207 seconds.
  path: Assets/Scripts/RewardedAdsButton.cs
  artifactKey: Guid(a85307ea7d6381a468c4713c8a2ca327) Importer(815301076,1909f56bfc062723c751e8b465ee728b)
Start importing Assets/Scripts/RewardedAdsButton.cs using Guid(a85307ea7d6381a468c4713c8a2ca327) Importer(815301076,1909f56bfc062723c751e8b465ee728b)  -> (artifact id: '1906ff90e9ef59686ab5e1e7c2f6e993') in 0.011212 seconds 
========================================================================
Received Import Request.
  Time since last request: 31.390209 seconds.
  path: Assets/Scripts/pauseMenu.cs
  artifactKey: Guid(54f6a044efcbec24695d882253b79374) Importer(815301076,1909f56bfc062723c751e8b465ee728b)
Start importing Assets/Scripts/pauseMenu.cs using Guid(54f6a044efcbec24695d882253b79374) Importer(815301076,1909f56bfc062723c751e8b465ee728b)  -> (artifact id: '9f2f086660a4f7eccd834b1f2ee81019') in 0.001699 seconds 
========================================================================
Received Prepare
Registering precompiled user dll's ...
Registered in 0.002247 seconds.
Begin MonoManager ReloadAssembly
Thread 0x16f1fb000 may have been prematurely finalized
Native extension for iOS target not found
Native extension for Android target not found
Native extension for OSXStandalone target not found
Refreshing native plugins compatible for Editor in 0.54 ms, found 3 plugins.
Preloading 0 native plugins for Editor in 0.00 ms.
Mono: successfully reloaded assembly
- Completed reload, in  0.651 seconds
Domain Reload Profiling:
	ReloadAssembly (652ms)
		BeginReloadAssembly (102ms)
			ExecutionOrderSort (0ms)
			DisableScriptedObjects (5ms)
			BackupInstance (0ms)
			ReleaseScriptingObjects (0ms)
			CreateAndSetChildDomain (47ms)
		EndReloadAssembly (489ms)
			LoadAssemblies (43ms)
			RebuildTransferFunctionScriptingTraits (0ms)
			SetupTypeCache (153ms)
			ReleaseScriptCaches (1ms)
			RebuildScriptCaches (33ms)
			SetupLoadedEditorAssemblies (232ms)
				LogAssemblyErrors (0ms)
				InitializePlatformSupportModulesInManaged (18ms)
				SetLoadedEditorAssemblies (0ms)
				RefreshPlugins (1ms)
				BeforeProcessingInitializeOnLoad (39ms)
				ProcessInitializeOnLoadAttributes (148ms)
				ProcessInitializeOnLoadMethodAttributes (25ms)
				AfterProcessingInitializeOnLoad (1ms)
				EditorAssembliesLoaded (0ms)
			ExecutionOrderSort2 (0ms)
			AwakeInstancesAfterBackupRestoration (4ms)
Platform modules already initialized, skipping
Refreshing native plugins compatible for Editor in 2.18 ms, found 3 plugins.
Preloading 0 native plugins for Editor in 0.00 ms.
Unloading 2846 Unused Serialized files (Serialized files now loaded: 0)
Unloading 50 unused Assets / (95.6 KB). Loaded Objects now: 3337.
Memory consumption went from 119.0 MB to 118.9 MB.
Total: 2.494542 ms (FindLiveObjects: 0.105917 ms CreateObjectMapping: 0.035750 ms MarkObjects: 2.315583 ms  DeleteObjects: 0.036833 ms)

AssetImportParameters requested are different than current active one (requested -> active):
  custom:video-decoder-ogg-theora: a1e56fd34408186e4bbccfd4996cb3dc -> 
  custom:container-muxer-webm: aa71ff27fc2769a1b78a27578f13a17b -> 
  custom:container-demuxer-webm: 4f35f7cbe854078d1ac9338744f61a02 -> 
  custom:video-encoder-webm-vp8: eb34c28f22e8b96e1ab97ce403110664 -> 
  custom:framework-osx-AVFoundation: e770b220cccbd017edd2c1fefb359320 -> 
  custom:audio-encoder-webm-vorbis: bf7c407c2cedff20999df2af8eb42d56 -> 
  custom:container-demuxer-ogg: 62fdf1f143b41e24485cea50d1cbac27 -> 
  custom:video-decoder-webm-vp8: 9c59270c3fd7afecdb556c50c9e8de78 -> 
  custom:audio-decoder-ogg-vorbis: bf7c407c2cedff20999df2af8eb42d56 -> 
========================================================================
Received Import Request.
  Time since last request: 141.307112 seconds.
  path: Assets/Scripts/AudioManager.cs
  artifactKey: Guid(a16098b05bb89874fa433c1677c60099) Importer(815301076,1909f56bfc062723c751e8b465ee728b)
Start importing Assets/Scripts/AudioManager.cs using Guid(a16098b05bb89874fa433c1677c60099) Importer(815301076,1909f56bfc062723c751e8b465ee728b)  -> (artifact id: '3d67cd3b9c465bc0cfc3f5d4e3cf153d') in 0.005012 seconds 
========================================================================
Received Prepare
Registering precompiled user dll's ...
Registered in 0.002811 seconds.
Begin MonoManager ReloadAssembly
Thread 0x16f7ff000 may have been prematurely finalized
Native extension for iOS target not found
Native extension for Android target not found
Native extension for OSXStandalone target not found
Refreshing native plugins compatible for Editor in 0.47 ms, found 3 plugins.
Preloading 0 native plugins for Editor in 0.00 ms.
Mono: successfully reloaded assembly
- Completed reload, in  0.562 seconds
Domain Reload Profiling:
	ReloadAssembly (562ms)
		BeginReloadAssembly (75ms)
			ExecutionOrderSort (0ms)
			DisableScriptedObjects (3ms)
			BackupInstance (0ms)
			ReleaseScriptingObjects (0ms)
			CreateAndSetChildDomain (27ms)
		EndReloadAssembly (430ms)
			LoadAssemblies (35ms)
			RebuildTransferFunctionScriptingTraits (0ms)
			SetupTypeCache (130ms)
			ReleaseScriptCaches (1ms)
			RebuildScriptCaches (30ms)
			SetupLoadedEditorAssemblies (207ms)
				LogAssemblyErrors (0ms)
				InitializePlatformSupportModulesInManaged (16ms)
				SetLoadedEditorAssemblies (0ms)
				RefreshPlugins (0ms)
				BeforeProcessingInitializeOnLoad (35ms)
				ProcessInitializeOnLoadAttributes (132ms)
				ProcessInitializeOnLoadMethodAttributes (22ms)
				AfterProcessingInitializeOnLoad (1ms)
				EditorAssembliesLoaded (0ms)
			ExecutionOrderSort2 (0ms)
			AwakeInstancesAfterBackupRestoration (3ms)
Platform modules already initialized, skipping
Refreshing native plugins compatible for Editor in 1.96 ms, found 3 plugins.
Preloading 0 native plugins for Editor in 0.00 ms.
Unloading 2846 Unused Serialized files (Serialized files now loaded: 0)
Unloading 48 unused Assets / (95.5 KB). Loaded Objects now: 3352.
Memory consumption went from 119.0 MB to 118.9 MB.
Total: 2.727084 ms (FindLiveObjects: 0.136000 ms CreateObjectMapping: 0.041292 ms MarkObjects: 2.509833 ms  DeleteObjects: 0.039250 ms)

AssetImportParameters requested are different than current active one (requested -> active):
  custom:video-decoder-ogg-theora: a1e56fd34408186e4bbccfd4996cb3dc -> 
  custom:container-muxer-webm: aa71ff27fc2769a1b78a27578f13a17b -> 
  custom:container-demuxer-webm: 4f35f7cbe854078d1ac9338744f61a02 -> 
  custom:video-encoder-webm-vp8: eb34c28f22e8b96e1ab97ce403110664 -> 
  custom:framework-osx-AVFoundation: e770b220cccbd017edd2c1fefb359320 -> 
  custom:audio-encoder-webm-vorbis: bf7c407c2cedff20999df2af8eb42d56 -> 
  custom:container-demuxer-ogg: 62fdf1f143b41e24485cea50d1cbac27 -> 
  custom:video-decoder-webm-vp8: 9c59270c3fd7afecdb556c50c9e8de78 -> 
  custom:audio-decoder-ogg-vorbis: bf7c407c2cedff20999df2af8eb42d56 -> 
========================================================================
Received Import Request.
  Time since last request: 47.586480 seconds.
  path: Assets/Prefabs/Bee.prefab
  artifactKey: Guid(fc5ab83758a95084e8cf3103d26d4190) Importer(815301076,1909f56bfc062723c751e8b465ee728b)
Start importing Assets/Prefabs/Bee.prefab using Guid(fc5ab83758a95084e8cf3103d26d4190) Importer(815301076,1909f56bfc062723c751e8b465ee728b)  -> (artifact id: '31c0472070da1dbaee530b49c06aa314') in 0.593104 seconds 
========================================================================
Received Import Request.
  Time since last request: 0.000048 seconds.
  path: Assets/Prefabs/SpawnPoint.prefab
  artifactKey: Guid(b80a6eea5e7d28b4c95ee8865647473f) Importer(815301076,1909f56bfc062723c751e8b465ee728b)
Start importing Assets/Prefabs/SpawnPoint.prefab using Guid(b80a6eea5e7d28b4c95ee8865647473f) Importer(815301076,1909f56bfc062723c751e8b465ee728b)  -> (artifact id: 'd9d7a2742e5603a26766b9f8deec37e0') in 0.009804 seconds 
========================================================================
Received Import Request.
  Time since last request: 0.000034 seconds.
  path: Assets/Prefabs/cloud2.prefab
  artifactKey: Guid(b99ac67fdc4990840953fb2abed5ef4c) Importer(815301076,1909f56bfc062723c751e8b465ee728b)
Start importing Assets/Prefabs/cloud2.prefab using Guid(b99ac67fdc4990840953fb2abed5ef4c) Importer(815301076,1909f56bfc062723c751e8b465ee728b)  -> (artifact id: 'b6337386f8e9023d682e44fac88bf659') in 0.005862 seconds 
========================================================================
Received Import Request.
  Time since last request: 0.000064 seconds.
  path: Assets/Prefabs/Bush (2) new.prefab
  artifactKey: Guid(8f85ff2932e0b1b45986396a552f02e7) Importer(815301076,1909f56bfc062723c751e8b465ee728b)
Start importing Assets/Prefabs/Bush (2) new.prefab using Guid(8f85ff2932e0b1b45986396a552f02e7) Importer(815301076,1909f56bfc062723c751e8b465ee728b)  -> (artifact id: '5ffab0e41578b56b84db0fbb88296ebf') in 0.004988 seconds 
========================================================================
Received Import Request.
  Time since last request: 0.000051 seconds.
  path: Assets/Prefabs/Bush (3) new.prefab
  artifactKey: Guid(01a7071737e15004b8fd7a0b3b825485) Importer(815301076,1909f56bfc062723c751e8b465ee728b)
Start importing Assets/Prefabs/Bush (3) new.prefab using Guid(01a7071737e15004b8fd7a0b3b825485) Importer(815301076,1909f56bfc062723c751e8b465ee728b)  -> (artifact id: '7706274416495b46ed151a468bbbef7a') in 0.005599 seconds 
========================================================================
Received Import Request.
  Time since last request: 0.000050 seconds.
  path: Assets/Prefabs/Tree_2 new.prefab
  artifactKey: Guid(45740ac4ca78e5b4b908aafc47d6c8ed) Importer(815301076,1909f56bfc062723c751e8b465ee728b)
Start importing Assets/Prefabs/Tree_2 new.prefab using Guid(45740ac4ca78e5b4b908aafc47d6c8ed) Importer(815301076,1909f56bfc062723c751e8b465ee728b)  -> (artifact id: '6ee1c5f0198a9ca34c3cdeffe2c5bcdf') in 0.006016 seconds 
========================================================================
Received Import Request.
  Time since last request: 0.000043 seconds.
  path: Assets/Prefabs/Spring.prefab
  artifactKey: Guid(4ad15a039844d7345aa84a6faf18f184) Importer(815301076,1909f56bfc062723c751e8b465ee728b)
Start importing Assets/Prefabs/Spring.prefab using Guid(4ad15a039844d7345aa84a6faf18f184) Importer(815301076,1909f56bfc062723c751e8b465ee728b)  -> (artifact id: 'e93431fa0a4d754d3785f0ba57374560') in 0.007660 seconds 
========================================================================
Received Import Request.
  Time since last request: 0.000058 seconds.
  path: Assets/Prefabs/GameManager.prefab
  artifactKey: Guid(c847eba3e143e014b9460fcb25c0281b) Importer(815301076,1909f56bfc062723c751e8b465ee728b)
Start importing Assets/Prefabs/GameManager.prefab using Guid(c847eba3e143e014b9460fcb25c0281b) Importer(815301076,1909f56bfc062723c751e8b465ee728b)  -> (artifact id: '839835b04468b00b2ed618748fd4c33d') in 0.001862 seconds 
========================================================================
Received Import Request.
  Time since last request: 0.000033 seconds.
  path: Assets/Prefabs/Spike.prefab
  artifactKey: Guid(cbeaaa075b40dc547a29029b1d1b062d) Importer(815301076,1909f56bfc062723c751e8b465ee728b)
Start importing Assets/Prefabs/Spike.prefab using Guid(cbeaaa075b40dc547a29029b1d1b062d) Importer(815301076,1909f56bfc062723c751e8b465ee728b)  -> (artifact id: '9617a31095ffbdc8ed544e38c18ffd44') in 0.004539 seconds 
========================================================================
Received Import Request.
  Time since last request: 0.000077 seconds.
  path: Assets/Prefabs/CheckPoint.prefab
  artifactKey: Guid(4639bbfb628cbae48a7673207788ef66) Importer(815301076,1909f56bfc062723c751e8b465ee728b)
Start importing Assets/Prefabs/CheckPoint.prefab using Guid(4639bbfb628cbae48a7673207788ef66) Importer(815301076,1909f56bfc062723c751e8b465ee728b)  -> (artifact id: '3c6bd8299dae62ace5cebf43b23f9cf2') in 0.045821 seconds 
========================================================================
Received Import Request.
  Time since last request: 82.574064 seconds.
  path: Assets/LevelAssets/gameIcon.PNG
  artifactKey: Guid(af75dcc0b0787fb41a2a9e94e6fb2d6e) Importer(815301076,1909f56bfc062723c751e8b465ee728b)
Start importing Assets/LevelAssets/gameIcon.PNG using Guid(af75dcc0b0787fb41a2a9e94e6fb2d6e) Importer(815301076,1909f56bfc062723c751e8b465ee728b)  -> (artifact id: '9416dee9cc8726a58351aef94aa96d26') in 0.457279 seconds 
========================================================================
Received Import Request.
  Time since last request: 28.325637 seconds.
  path: Assets/Scenes/Easy Levels/Level 2.unity
  artifactKey: Guid(c556d40c7352be241801e6184a0b78ea) Importer(815301076,1909f56bfc062723c751e8b465ee728b)
Start importing Assets/Scenes/Easy Levels/Level 2.unity using Guid(c556d40c7352be241801e6184a0b78ea) Importer(815301076,1909f56bfc062723c751e8b465ee728b)  -> (artifact id: '492ee40d36daff1d2dd8a4bf1d8c4176') in 0.001166 seconds 
========================================================================
Received Prepare
Registering precompiled user dll's ...
Registered in 0.002584 seconds.
Begin MonoManager ReloadAssembly
Thread 0x281713000 may have been prematurely finalized
Native extension for iOS target not found
Native extension for Android target not found
Native extension for OSXStandalone target not found
Refreshing native plugins compatible for Editor in 0.58 ms, found 3 plugins.
Preloading 0 native plugins for Editor in 0.00 ms.
Mono: successfully reloaded assembly
- Completed reload, in  0.612 seconds
Domain Reload Profiling:
	ReloadAssembly (613ms)
		BeginReloadAssembly (85ms)
			ExecutionOrderSort (0ms)
			DisableScriptedObjects (3ms)
			BackupInstance (0ms)
			ReleaseScriptingObjects (0ms)
			CreateAndSetChildDomain (37ms)
		EndReloadAssembly (467ms)
			LoadAssemblies (36ms)
			RebuildTransferFunctionScriptingTraits (0ms)
			SetupTypeCache (142ms)
			ReleaseScriptCaches (1ms)
			RebuildScriptCaches (34ms)
			SetupLoadedEditorAssemblies (225ms)
				LogAssemblyErrors (0ms)
				InitializePlatformSupportModulesInManaged (19ms)
				SetLoadedEditorAssemblies (0ms)
				RefreshPlugins (1ms)
				BeforeProcessingInitializeOnLoad (36ms)
				ProcessInitializeOnLoadAttributes (145ms)
				ProcessInitializeOnLoadMethodAttributes (23ms)
				AfterProcessingInitializeOnLoad (1ms)
				EditorAssembliesLoaded (0ms)
			ExecutionOrderSort2 (0ms)
			AwakeInstancesAfterBackupRestoration (3ms)
Platform modules already initialized, skipping
Refreshing native plugins compatible for Editor in 1.87 ms, found 3 plugins.
Preloading 0 native plugins for Editor in 0.00 ms.
Unloading 2846 Unused Serialized files (Serialized files now loaded: 0)
Unloading 48 unused Assets / (95.6 KB). Loaded Objects now: 3380.
Memory consumption went from 129.7 MB to 129.6 MB.
Total: 2.805708 ms (FindLiveObjects: 0.124667 ms CreateObjectMapping: 0.042458 ms MarkObjects: 2.604709 ms  DeleteObjects: 0.033292 ms)

AssetImportParameters requested are different than current active one (requested -> active):
  custom:video-decoder-ogg-theora: a1e56fd34408186e4bbccfd4996cb3dc -> 
  custom:container-muxer-webm: aa71ff27fc2769a1b78a27578f13a17b -> 
  custom:container-demuxer-webm: 4f35f7cbe854078d1ac9338744f61a02 -> 
  custom:video-encoder-webm-vp8: eb34c28f22e8b96e1ab97ce403110664 -> 
  custom:framework-osx-AVFoundation: e770b220cccbd017edd2c1fefb359320 -> 
  custom:audio-encoder-webm-vorbis: bf7c407c2cedff20999df2af8eb42d56 -> 
  custom:container-demuxer-ogg: 62fdf1f143b41e24485cea50d1cbac27 -> 
  custom:video-decoder-webm-vp8: 9c59270c3fd7afecdb556c50c9e8de78 -> 
  custom:audio-decoder-ogg-vorbis: bf7c407c2cedff20999df2af8eb42d56 -> 
========================================================================
Received Import Request.
  Time since last request: 116.022474 seconds.
  path: Assets/Scripts/Distance.cs
  artifactKey: Guid(5a2cf1880d300cf4482ce79d94724e57) Importer(815301076,1909f56bfc062723c751e8b465ee728b)
Start importing Assets/Scripts/Distance.cs using Guid(5a2cf1880d300cf4482ce79d94724e57) Importer(815301076,1909f56bfc062723c751e8b465ee728b)  -> (artifact id: '29d24910fe44463c1812ba37d36a4547') in 0.008550 seconds 
========================================================================
Received Import Request.
  Time since last request: 25.895167 seconds.
  path: Assets/Scripts/LevelComplete.cs
  artifactKey: Guid(21a7a488aa767194caff8b8308e83368) Importer(815301076,1909f56bfc062723c751e8b465ee728b)
Start importing Assets/Scripts/LevelComplete.cs using Guid(21a7a488aa767194caff8b8308e83368) Importer(815301076,1909f56bfc062723c751e8b465ee728b)  -> (artifact id: '914300a1933542c95e9c2dfca8644296') in 0.002038 seconds 
========================================================================
Received Import Request.
  Time since last request: 7.306084 seconds.
  path: Assets/Scripts/LevelLoader.cs
  artifactKey: Guid(9e79352ea928df04087223afe8a9ba68) Importer(815301076,1909f56bfc062723c751e8b465ee728b)
Start importing Assets/Scripts/LevelLoader.cs using Guid(9e79352ea928df04087223afe8a9ba68) Importer(815301076,1909f56bfc062723c751e8b465ee728b)  -> (artifact id: '65f7f3037f9c8a0029f03c581efd2b05') in 0.000988 seconds 
========================================================================
Received Import Request.
  Time since last request: 11.907331 seconds.
  path: Assets/Scripts/levelSelect.cs
  artifactKey: Guid(b521088288d27a4458824be6aa937fa7) Importer(815301076,1909f56bfc062723c751e8b465ee728b)
Start importing Assets/Scripts/levelSelect.cs using Guid(b521088288d27a4458824be6aa937fa7) Importer(815301076,1909f56bfc062723c751e8b465ee728b)  -> (artifact id: '1dd72d8eb356bc5823b551d49c77067f') in 0.000985 seconds 
========================================================================
Received Import Request.
  Time since last request: 0.816824 seconds.
  path: Assets/Scenes/Easy Levels/Level 3.unity
  artifactKey: Guid(aaa5d2da70f77e14f8da6604450cd12b) Importer(815301076,1909f56bfc062723c751e8b465ee728b)
Start importing Assets/Scenes/Easy Levels/Level 3.unity using Guid(aaa5d2da70f77e14f8da6604450cd12b) Importer(815301076,1909f56bfc062723c751e8b465ee728b)  -> (artifact id: 'e61bc4ca6cbcb1dd142ed11eadafa783') in 0.001348 seconds 
========================================================================
Received Prepare
Registering precompiled user dll's ...
Registered in 0.002062 seconds.
Begin MonoManager ReloadAssembly
Thread 0x16f287000 may have been prematurely finalized
Native extension for iOS target not found
Native extension for Android target not found
Native extension for OSXStandalone target not found
Refreshing native plugins compatible for Editor in 0.54 ms, found 3 plugins.
Preloading 0 native plugins for Editor in 0.00 ms.
Mono: successfully reloaded assembly
- Completed reload, in  0.653 seconds
Domain Reload Profiling:
	ReloadAssembly (653ms)
		BeginReloadAssembly (107ms)
			ExecutionOrderSort (0ms)
			DisableScriptedObjects (4ms)
			BackupInstance (0ms)
			ReleaseScriptingObjects (0ms)
			CreateAndSetChildDomain (47ms)
		EndReloadAssembly (484ms)
			LoadAssemblies (45ms)
			RebuildTransferFunctionScriptingTraits (0ms)
			SetupTypeCache (149ms)
			ReleaseScriptCaches (1ms)
			RebuildScriptCaches (34ms)
			SetupLoadedEditorAssemblies (233ms)
				LogAssemblyErrors (0ms)
				InitializePlatformSupportModulesInManaged (19ms)
				SetLoadedEditorAssemblies (0ms)
				RefreshPlugins (1ms)
				BeforeProcessingInitializeOnLoad (39ms)
				ProcessInitializeOnLoadAttributes (148ms)
				ProcessInitializeOnLoadMethodAttributes (25ms)
				AfterProcessingInitializeOnLoad (1ms)
				EditorAssembliesLoaded (0ms)
			ExecutionOrderSort2 (0ms)
			AwakeInstancesAfterBackupRestoration (3ms)
Platform modules already initialized, skipping
Refreshing native plugins compatible for Editor in 1.84 ms, found 3 plugins.
Preloading 0 native plugins for Editor in 0.00 ms.
Unloading 2846 Unused Serialized files (Serialized files now loaded: 0)
Unloading 48 unused Assets / (95.7 KB). Loaded Objects now: 3395.
Memory consumption went from 129.7 MB to 129.6 MB.
Total: 2.794292 ms (FindLiveObjects: 0.141375 ms CreateObjectMapping: 0.036833 ms MarkObjects: 2.571458 ms  DeleteObjects: 0.044250 ms)

AssetImportParameters requested are different than current active one (requested -> active):
  custom:video-decoder-ogg-theora: a1e56fd34408186e4bbccfd4996cb3dc -> 
  custom:container-muxer-webm: aa71ff27fc2769a1b78a27578f13a17b -> 
  custom:container-demuxer-webm: 4f35f7cbe854078d1ac9338744f61a02 -> 
  custom:video-encoder-webm-vp8: eb34c28f22e8b96e1ab97ce403110664 -> 
  custom:framework-osx-AVFoundation: e770b220cccbd017edd2c1fefb359320 -> 
  custom:audio-encoder-webm-vorbis: bf7c407c2cedff20999df2af8eb42d56 -> 
  custom:container-demuxer-ogg: 62fdf1f143b41e24485cea50d1cbac27 -> 
  custom:video-decoder-webm-vp8: 9c59270c3fd7afecdb556c50c9e8de78 -> 
  custom:audio-decoder-ogg-vorbis: bf7c407c2cedff20999df2af8eb42d56 -> 
========================================================================
Received Import Request.
  Time since last request: 110.809155 seconds.
  path: Assets/LevelAssets/Final Assets/bordered icon.png
  artifactKey: Guid(8dc60e5ee54d5da4197444dc480b202d) Importer(815301076,1909f56bfc062723c751e8b465ee728b)
Start importing Assets/LevelAssets/Final Assets/bordered icon.png using Guid(8dc60e5ee54d5da4197444dc480b202d) Importer(815301076,1909f56bfc062723c751e8b465ee728b)  -> (artifact id: 'bd3516e8618eceed71ecf68e735eb73e') in 0.139267 seconds 
========================================================================
Received Prepare
Refreshing native plugins compatible for Editor in 9.55 ms, found 3 plugins.
Preloading 0 native plugins for Editor in 0.00 ms.
Unloading 48 Unused Serialized files (Serialized files now loaded: 0)
Unloading 48 unused Assets / (95.6 KB). Loaded Objects now: 3399.
Memory consumption went from 77.8 MB to 77.7 MB.
Total: 8.412875 ms (FindLiveObjects: 0.216750 ms CreateObjectMapping: 0.036541 ms MarkObjects: 8.123625 ms  DeleteObjects: 0.035834 ms)

AssetImportParameters requested are different than current active one (requested -> active):
  custom:video-decoder-ogg-theora: a1e56fd34408186e4bbccfd4996cb3dc -> 
  custom:container-muxer-webm: aa71ff27fc2769a1b78a27578f13a17b -> 
  custom:container-demuxer-webm: 4f35f7cbe854078d1ac9338744f61a02 -> 
  custom:video-encoder-webm-vp8: eb34c28f22e8b96e1ab97ce403110664 -> 
  custom:framework-osx-AVFoundation: e770b220cccbd017edd2c1fefb359320 -> 
  custom:audio-encoder-webm-vorbis: bf7c407c2cedff20999df2af8eb42d56 -> 
  custom:container-demuxer-ogg: 62fdf1f143b41e24485cea50d1cbac27 -> 
  custom:video-decoder-webm-vp8: 9c59270c3fd7afecdb556c50c9e8de78 -> 
  custom:audio-decoder-ogg-vorbis: bf7c407c2cedff20999df2af8eb42d56 -> 
